<?xml version='1.0'?>
<!-- comment -->
<a/>
