<?xml version='1.0'?>
<!-- comment -->
<!-- comment -->
<?pi?>
<a/>
<?pi?>
<?pi?>
