<?xml version='1.0'?>
<!-- comment -->
<?pi?>
<a/>
