<?xml version='1.0'?>
<ns1:a xmlns:ns1="http://uri1"><ns1:b/></ns1:a>
