<?xml version='1.0'?>
<a xmlns="http://uri1"><b/></a>
