<?xml version='1.0'?>
<m><ns1:a xmlns:ns1="http://uri1"/><ns2:a xmlns:ns2="http://uri1"/></m>
