<?xml version='1.0'?>
<a xmlns="http://uri1"><b xmlns="http://uri2"/></a>
